# JRE version: OpenJDK Runtime Environment (19.0+36) (build 19+36-2238)
# Java VM: OpenJDK 64-Bit Server VM (19+36-2238, mixed mode, sharing, tiered, compressed oops, compressed class ptrs, g1 gc, windows-amd64)
GC Precious Log:
 CardTable entry size: 512
 Card Set container configuration: InlinePtr #cards 5 size 8 Array Of Cards #cards 12 size 40 Howl #buckets 4 coarsen threshold 1843 Howl Bitmap #cards 512 size 80 coarsen threshold 460 Card regions per heap region 1 cards per card region 2048
 CPUs: 4 total, 4 available
 Memory: 4013M
 Large Page Support: Disabled
 NUMA Support: Disabled
 Compressed Oops: Enabled (32-bit)
 Heap Region Size: 1M
 Heap Min Capacity: 8M
 Heap Initial Capacity: 64M
 Heap Max Capacity: 1004M
 Pre-touch: Disabled
 Parallel Workers: 4
 Concurrent Workers: 1
 Concurrent Refinement Workers: 4
 Periodic GC: Disabled
Heap:
 garbage-first heap   total 109568K, used 55567K [0x00000000c1400000, 0x0000000100000000)
  region size 1024K, 30 young (30720K), 4 survivors (4096K)
 Metaspace       used 28800K, committed 29312K, reserved 1114112K
  class space    used 3088K, committed 3328K, reserved 1048576K
GC Heap History (20 events):
Event: 27.168 GC heap before
{Heap before GC invocations=5 (full 0):
 garbage-first heap   total 65536K, used 14871K [0x00000000c1400000, 0x0000000100000000)
  region size 1024K, 10 young (10240K), 4 survivors (4096K)
 Metaspace       used 21161K, committed 21504K, reserved 1114112K
  class space    used 2350K, committed 2560K, reserved 1048576K
}
Event: 27.186 GC heap after
{Heap after GC invocations=6 (full 0):
 garbage-first heap   total 65536K, used 11408K [0x00000000c1400000, 0x0000000100000000)
  region size 1024K, 3 young (3072K), 3 survivors (3072K)
 Metaspace       used 21161K, committed 21504K, reserved 1114112K
  class space    used 2350K, committed 2560K, reserved 1048576K
}
Event: 31.362 GC heap before
{Heap before GC invocations=7 (full 0):
 garbage-first heap   total 45056K, used 34960K [0x00000000c1400000, 0x0000000100000000)
  region size 1024K, 26 young (26624K), 3 survivors (3072K)
 Metaspace       used 23961K, committed 24384K, reserved 1114112K
  class space    used 2613K, committed 2816K, reserved 1048576K
}
Event: 31.392 GC heap after
{Heap after GC invocations=8 (full 0):
 garbage-first heap   total 45056K, used 17521K [0x00000000c1400000, 0x0000000100000000)
  region size 1024K, 4 young (4096K), 4 survivors (4096K)
 Metaspace       used 23961K, committed 24384K, reserved 1114112K
  class space    used 2613K, committed 2816K, reserved 1048576K
}
Event: 31.401 GC heap before
{Heap before GC invocations=8 (full 0):
 garbage-first heap   total 45056K, used 18545K [0x00000000c1400000, 0x0000000100000000)
  region size 1024K, 5 young (5120K), 4 survivors (4096K)
 Metaspace       used 23964K, committed 24384K, reserved 1114112K
  class space    used 2613K, committed 2816K, reserved 1048576K
}
Event: 31.413 GC heap after
{Heap after GC invocations=9 (full 0):
 garbage-first heap   total 45056K, used 18443K [0x00000000c1400000, 0x0000000100000000)
  region size 1024K, 1 young (1024K), 1 survivors (1024K)
 Metaspace       used 23964K, committed 24384K, reserved 1114112K
  class space    used 2613K, committed 2816K, reserved 1048576K
}
Event: 34.289 GC heap before
{Heap before GC invocations=9 (full 0):
 garbage-first heap   total 45056K, used 29707K [0x00000000c1400000, 0x0000000100000000)
  region size 1024K, 13 young (13312K), 1 survivors (1024K)
 Metaspace       used 24216K, committed 24576K, reserved 1114112K
  class space    used 2618K, committed 2816K, reserved 1048576K
}
Event: 34.314 GC heap after
{Heap after GC invocations=10 (full 0):
 garbage-first heap   total 45056K, used 20856K [0x00000000c1400000, 0x0000000100000000)
  region size 1024K, 2 young (2048K), 2 survivors (2048K)
 Metaspace       used 24216K, committed 24576K, reserved 1114112K
  class space    used 2618K, committed 2816K, reserved 1048576K
}
Event: 35.668 GC heap before
{Heap before GC invocations=10 (full 0):
 garbage-first heap   total 45056K, used 33144K [0x00000000c1400000, 0x0000000100000000)
  region size 1024K, 13 young (13312K), 2 survivors (2048K)
 Metaspace       used 24305K, committed 24704K, reserved 1114112K
  class space    used 2618K, committed 2816K, reserved 1048576K
}
Event: 35.686 GC heap after
{Heap after GC invocations=11 (full 0):
 garbage-first heap   total 45056K, used 23698K [0x00000000c1400000, 0x0000000100000000)
  region size 1024K, 2 young (2048K), 2 survivors (2048K)
 Metaspace       used 24305K, committed 24704K, reserved 1114112K
  class space    used 2618K, committed 2816K, reserved 1048576K
}
Event: 36.798 GC heap before
{Heap before GC invocations=11 (full 0):
 garbage-first heap   total 45056K, used 32914K [0x00000000c1400000, 0x0000000100000000)
  region size 1024K, 11 young (11264K), 2 survivors (2048K)
 Metaspace       used 25923K, committed 26368K, reserved 1114112K
  class space    used 2787K, committed 3008K, reserved 1048576K
}
Event: 36.813 GC heap after
{Heap after GC invocations=12 (full 0):
 garbage-first heap   total 45056K, used 24910K [0x00000000c1400000, 0x0000000100000000)
  region size 1024K, 2 young (2048K), 2 survivors (2048K)
 Metaspace       used 25923K, committed 26368K, reserved 1114112K
  class space    used 2787K, committed 3008K, reserved 1048576K
}
Event: 37.495 GC heap before
{Heap before GC invocations=13 (full 0):
 garbage-first heap   total 46080K, used 33102K [0x00000000c1400000, 0x0000000100000000)
  region size 1024K, 10 young (10240K), 2 survivors (2048K)
 Metaspace       used 26315K, committed 26688K, reserved 1114112K
  class space    used 2823K, committed 3008K, reserved 1048576K
}
Event: 37.511 GC heap after
{Heap after GC invocations=14 (full 0):
 garbage-first heap   total 46080K, used 26112K [0x00000000c1400000, 0x0000000100000000)
  region size 1024K, 2 young (2048K), 2 survivors (2048K)
 Metaspace       used 26315K, committed 26688K, reserved 1114112K
  class space    used 2823K, committed 3008K, reserved 1048576K
}
Event: 37.676 GC heap before
{Heap before GC invocations=14 (full 0):
 garbage-first heap   total 46080K, used 27136K [0x00000000c1400000, 0x0000000100000000)
  region size 1024K, 3 young (3072K), 2 survivors (2048K)
 Metaspace       used 26535K, committed 26944K, reserved 1114112K
  class space    used 2846K, committed 3072K, reserved 1048576K
}
Event: 37.695 GC heap after
{Heap after GC invocations=15 (full 0):
 garbage-first heap   total 46080K, used 26067K [0x00000000c1400000, 0x0000000100000000)
  region size 1024K, 1 young (1024K), 1 survivors (1024K)
 Metaspace       used 26535K, committed 26944K, reserved 1114112K
  class space    used 2846K, committed 3072K, reserved 1048576K
}
Event: 37.755 GC heap before
{Heap before GC invocations=15 (full 0):
 garbage-first heap   total 46080K, used 26067K [0x00000000c1400000, 0x0000000100000000)
  region size 1024K, 2 young (2048K), 1 survivors (1024K)
 Metaspace       used 26545K, committed 26944K, reserved 1114112K
  class space    used 2846K, committed 3072K, reserved 1048576K
}
Event: 37.762 GC heap after
{Heap after GC invocations=16 (full 0):
 garbage-first heap   total 109568K, used 25938K [0x00000000c1400000, 0x0000000100000000)
  region size 1024K, 1 young (1024K), 1 survivors (1024K)
 Metaspace       used 26545K, committed 26944K, reserved 1114112K
  class space    used 2846K, committed 3072K, reserved 1048576K
}
Event: 75.981 GC heap before
{Heap before GC invocations=16 (full 0):
 garbage-first heap   total 109568K, used 75090K [0x00000000c1400000, 0x0000000100000000)
  region size 1024K, 48 young (49152K), 1 survivors (1024K)
 Metaspace       used 27410K, committed 27840K, reserved 1114112K
  class space    used 2884K, committed 3072K, reserved 1048576K
}
Event: 76.059 GC heap after
{Heap after GC invocations=17 (full 0):
 garbage-first heap   total 109568K, used 29967K [0x00000000c1400000, 0x0000000100000000)
  region size 1024K, 4 young (4096K), 4 survivors (4096K)
 Metaspace       used 27410K, committed 27840K, reserved 1114112K
  class space    used 2884K, committed 3072K, reserved 1048576K
}

